#
# A fatal error has been detected by the Java Runtime Environment:
#
#  EXCEPTION_ACCESS_VIOLATION (0xc0000005) at pc=0x000000006e35eb85, pid=17736, tid=0x00000000000095c4
#
# JRE version: Java(TM) SE Runtime Environment (8.0_191-b12) (build 1.8.0_191-b12)
# Java VM: Java HotSpot(TM) 64-Bit Server VM (25.191-b12 mixed mode windows-amd64 compressed oops)
# Problematic frame:
# V  [jvm.dll+0x1beb85]
#
# Failed to write core dump. Minidumps are not enabled by default on client versions of Windows
#
# If you would like to submit a bug report, please visit:
#   http://bugreport.java.com/bugreport/crash.jsp
#

---------------  T H R E A D  ---------------

Current thread (0x000000001c6e9800):  VMThread [stack: 0x000000001e3b0000,0x000000001e4b0000] [id=38340]

siginfo: ExceptionCode=0xc0000005, reading address 0xffffffffffffffff

Registers:
RAX=0x8400115953530107, RBX=0x000000001e4af560, RCX=0x0000000000000011, RDX=0x0000000000000004
RSP=0x000000001e4af4b0, RBP=0x000000001fa737c0, RSI=0x000000001c1a3ca8, RDI=0x000000001f1ff590
R8 =0x000000001c1a3a08, R9 =0x000000001e77cf40, R10=0x000000001c1a8368, R11=0x000000001c1a8368
R12=0x000000006e2cfb50, R13=0x00000007c007feb8, R14=0x000000001c575400, R15=0x000000001e9a51f0
RIP=0x000000006e35eb85, EFLAGS=0x0000000000010202

Top of Stack: (sp=0x000000001e4af4b0)
0x000000001e4af4b0:   000000001e4af560 000000001e5ef0c0
0x000000001e4af4c0:   000000001c5757d8 000000001f1ff590
0x000000001e4af4d0:   0000000000000008 000000006f2e8d94
0x000000001e4af4e0:   000000001e5eef70 000000001e77cf40
0x000000001e4af4f0:   0000000000000000 000000001c575400
0x000000001e4af500:   000000001c5757d8 000000001e5ef0c0
0x000000001e4af510:   000000001fa737c0 000000001c5757d8
0x000000001e4af520:   00000000000003d8 000000001f1ff590
0x000000001e4af530:   000000001e5eef70 000000006e35fa47
0x000000001e4af540:   000000001f1ff590 000000001e4af560
0x000000001e4af550:   000000001e5ef0c0 000000006e4386f8
0x000000001e4af560:   000000006e2cfb50 0000000000000000
0x000000001e4af570:   000000001c6e8ac0 000000006e3ed0c7
0x000000001e4af580:   000000001f1ff520 000000001c575400
0x000000001e4af590:   000000001c5753f0 000000006e3be7e2
0x000000001e4af5a0:   000000001c5753f0 0000000000000000 

Instructions: (pc=0x000000006e35eb85)
0x000000006e35eb65:   8d 44 d1 08 0f 1f 80 00 00 00 00 49 8b 30 f6 46
0x000000006e35eb75:   2b 10 74 26 48 8b 46 08 0f b7 48 22 48 8b 40 08
0x000000006e35eb85:   4c 39 7c c8 50 75 13 48 8b 46 08 0f b7 48 24 48
0x000000006e35eb95:   8b 40 08 4c 39 4c c8 50 74 0e 49 83 e8 08 48 ff 


Register to memory mapping:

RAX=0x8400115953530107 is an unknown value
RBX=0x000000001e4af560 is an unknown value
RCX=0x0000000000000011 is an unknown value
RDX=0x0000000000000004 is an unknown value
RSP=0x000000001e4af4b0 is an unknown value
RBP=0x000000001fa737c0 is an unknown value
RSI={method} {0x000000001c1a3cb0} 
[error occurred during error reporting (printing register info), id 0xc0000005]

Stack: [0x000000001e3b0000,0x000000001e4b0000],  sp=0x000000001e4af4b0,  free space=1021k
Native frames: (J=compiled Java code, j=interpreted, Vv=VM code, C=native code)
V  [jvm.dll+0x1beb85]
V  [jvm.dll+0x1bfa47]
V  [jvm.dll+0x24d0c7]
V  [jvm.dll+0x24c366]
V  [jvm.dll+0x24c801]
V  [jvm.dll+0x24ca1e]
V  [jvm.dll+0x29eb9a]
C  [msvcr100.dll+0x21d9f]
C  [msvcr100.dll+0x21e3b]
C  [KERNEL32.DLL+0x13dc4]
C  [ntdll.dll+0x73691]

VM_Operation (0x000000001f1ff520): ChangeBreakpoints, mode: safepoint, requested by thread 0x000000001e5e6800


---------------  P R O C E S S  ---------------

Java Threads: ( => current thread )
  0x000000001e7c4000 JavaThread "Service Thread" daemon [_thread_blocked, id=29264, stack(0x000000001f800000,0x000000001f900000)]
  0x000000001e7c1800 JavaThread "C1 CompilerThread3" daemon [_thread_blocked, id=31952, stack(0x000000001f700000,0x000000001f800000)]
  0x000000001e7c0800 JavaThread "C2 CompilerThread2" daemon [_thread_blocked, id=17080, stack(0x000000001f600000,0x000000001f700000)]
  0x000000001e769000 JavaThread "C2 CompilerThread1" daemon [_thread_blocked, id=24172, stack(0x000000001f500000,0x000000001f600000)]
  0x000000001e84f800 JavaThread "C2 CompilerThread0" daemon [_thread_blocked, id=28544, stack(0x000000001f400000,0x000000001f500000)]
  0x000000001e5f6000 JavaThread "JDWP Command Reader" daemon [_thread_in_native, id=19276, stack(0x000000001f300000,0x000000001f400000)]
  0x000000001e5f3000 JavaThread "JDWP Event Helper Thread" daemon [_thread_blocked, id=33148, stack(0x000000001f200000,0x000000001f300000)]
  0x000000001e5e6800 JavaThread "JDWP Transport Listener: dt_socket" daemon [_thread_blocked, id=38480, stack(0x000000001f100000,0x000000001f200000)]
  0x000000001e5db800 JavaThread "Attach Listener" daemon [_thread_blocked, id=34200, stack(0x000000001ecc0000,0x000000001edc0000)]
  0x000000001e5da800 JavaThread "Signal Dispatcher" daemon [_thread_blocked, id=37360, stack(0x000000001ebc0000,0x000000001ecc0000)]
  0x000000001e5d0800 JavaThread "Finalizer" daemon [_thread_blocked, id=1004, stack(0x000000001e9b0000,0x000000001eab0000)]
  0x0000000002cf9000 JavaThread "Reference Handler" daemon [_thread_blocked, id=29800, stack(0x000000001e4b0000,0x000000001e5b0000)]
  0x0000000002c04000 JavaThread "main" [_thread_blocked, id=16332, stack(0x0000000002a00000,0x0000000002b00000)]

Other Threads:
=>0x000000001c6e9800 VMThread [stack: 0x000000001e3b0000,0x000000001e4b0000] [id=38340]
  0x000000001e7c5000 WatcherThread [stack: 0x000000001f900000,0x000000001fa00000] [id=22596]

VM state:at safepoint (normal execution)

VM Mutex/Monitor currently owned by a thread:  ([mutex/lock_event])
[0x0000000002c00dd0] Threads_lock - owner thread: 0x000000001c6e9800

Heap:
 PSYoungGen      total 75776K, used 11808K [0x000000076b580000, 0x0000000770a00000, 0x00000007c0000000)
  eden space 65024K, 18% used [0x000000076b580000,0x000000076c1083b0,0x000000076f500000)
  from space 10752K, 0% used [0x000000076ff80000,0x000000076ff80000,0x0000000770a00000)
  to   space 10752K, 0% used [0x000000076f500000,0x000000076f500000,0x000000076ff80000)
 ParOldGen       total 173568K, used 0K [0x00000006c2000000, 0x00000006cc980000, 0x000000076b580000)
  object space 173568K, 0% used [0x00000006c2000000,0x00000006c2000000,0x00000006cc980000)
 Metaspace       used 6804K, capacity 7034K, committed 7296K, reserved 1056768K
  class space    used 758K, capacity 829K, committed 896K, reserved 1048576K

Card table byte_map: [0x00000000120c0000,0x00000000128c0000] byte_map_base: 0x000000000eab0000

Marking Bits: (ParMarkBitMap*) 0x000000006e9c3e30
 Begin Bits: [0x0000000013610000, 0x0000000017590000)
 End Bits:   [0x0000000017590000, 0x000000001b510000)

Polling page: 0x00000000007f0000

CodeCache: size=245760Kb used=1872Kb max_used=1873Kb free=243887Kb
 bounds [0x0000000002d00000, 0x0000000002f70000, 0x0000000011d00000]
 total_blobs=695 nmethods=371 adapters=245
 compilation: enabled

Compilation events (10 events):
Event: 564.178 Thread 0x000000001e7c1800  371       3       org.eclipse.jdt.launching.internal.org.objectweb.asm.ClassReader::readShort (27 bytes)
Event: 564.178 Thread 0x000000001e7c1800 nmethod 371 0x0000000002e070d0 code [0x0000000002e07220, 0x0000000002e073d0]
Event: 573.828 Thread 0x000000001e7c1800  372       3       org.eclipse.jdt.launching.internal.org.objectweb.asm.SymbolTable::addConstantMethodref (24 bytes)
Event: 573.828 Thread 0x000000001e7c1800 nmethod 372 0x0000000002e06bd0 code [0x0000000002e06d40, 0x0000000002e06f68]
Event: 573.828 Thread 0x000000001e7c1800  374       3       org.eclipse.jdt.launching.internal.org.objectweb.asm.MethodWriter::visitVarInsn (303 bytes)
Event: 573.830 Thread 0x000000001e7c1800 nmethod 374 0x0000000002ed2d10 code [0x0000000002ed2f20, 0x0000000002ed3ae8]
Event: 573.830 Thread 0x000000001e7c1800  373       3       org.eclipse.jdt.launching.internal.org.objectweb.asm.MethodWriter::visitMethodInsn (191 bytes)
Event: 573.830 Thread 0x000000001e7c1800 nmethod 373 0x0000000002ed3e90 code [0x0000000002ed40a0, 0x0000000002ed4be8]
Event: 573.830 Thread 0x000000001e7c1800  375       3       org.eclipse.jdt.launching.internal.org.objectweb.asm.ByteVector::putByteArray (49 bytes)
Event: 573.831 Thread 0x000000001e7c1800 nmethod 375 0x0000000002e2bd90 code [0x0000000002e2bf00, 0x0000000002e2c218]

GC Heap History (0 events):
No events

Deoptimization events (0 events):
No events

Classes redefined (4 events):
Event: 28.781 Thread 0x000000001c6e9800 redefined class name=Main, count=1
Event: 549.083 Thread 0x000000001c6e9800 redefined class name=BinaryTreeAssociation, count=1
Event: 564.179 Thread 0x000000001c6e9800 redefined class name=BinaryTreeAssociation, count=2
Event: 573.830 Thread 0x000000001c6e9800 redefined class name=BinaryTreeAssociation, count=3

Internal exceptions (10 events):
Event: 0.031 Thread 0x0000000002c04000 Exception <a 'java/lang/NoSuchMethodError': Method sun.misc.Unsafe.prefetchRead(Ljava/lang/Object;J)V name or signature does not match> (0x000000076b587f98) thrown at [C:\re\workspace\8-2-build-windows-amd64-cygwin\jdk8u191\11896\hotspot\src\share\vm\prim
Event: 0.186 Thread 0x0000000002c04000 Exception <a 'java/security/PrivilegedActionException'> (0x000000076b867550) thrown at [C:\re\workspace\8-2-build-windows-amd64-cygwin\jdk8u191\11896\hotspot\src\share\vm\prims\jvm.cpp, line 1435]
Event: 0.186 Thread 0x0000000002c04000 Exception <a 'java/security/PrivilegedActionException'> (0x000000076b867760) thrown at [C:\re\workspace\8-2-build-windows-amd64-cygwin\jdk8u191\11896\hotspot\src\share\vm\prims\jvm.cpp, line 1435]
Event: 0.363 Thread 0x0000000002c04000 Exception <a 'java/security/PrivilegedActionException'> (0x000000076be34bd8) thrown at [C:\re\workspace\8-2-build-windows-amd64-cygwin\jdk8u191\11896\hotspot\src\share\vm\prims\jvm.cpp, line 1435]
Event: 0.363 Thread 0x0000000002c04000 Exception <a 'java/security/PrivilegedActionException'> (0x000000076be34fd0) thrown at [C:\re\workspace\8-2-build-windows-amd64-cygwin\jdk8u191\11896\hotspot\src\share\vm\prims\jvm.cpp, line 1435]
Event: 0.364 Thread 0x0000000002c04000 Exception <a 'java/security/PrivilegedActionException'> (0x000000076be38e28) thrown at [C:\re\workspace\8-2-build-windows-amd64-cygwin\jdk8u191\11896\hotspot\src\share\vm\prims\jvm.cpp, line 1435]
Event: 0.364 Thread 0x0000000002c04000 Exception <a 'java/security/PrivilegedActionException'> (0x000000076be39220) thrown at [C:\re\workspace\8-2-build-windows-amd64-cygwin\jdk8u191\11896\hotspot\src\share\vm\prims\jvm.cpp, line 1435]
Event: 35.174 Thread 0x0000000002c04000 Exception <a 'java/lang/NoSuchFieldError': method resolution failed> (0x000000076c0335a0) thrown at [C:\re\workspace\8-2-build-windows-amd64-cygwin\jdk8u191\11896\hotspot\src\share\vm\prims\methodHandles.cpp, line 1167]
Event: 35.181 Thread 0x0000000002c04000 Exception <a 'java/lang/NoSuchFieldError': method resolution failed> (0x000000076c041388) thrown at [C:\re\workspace\8-2-build-windows-amd64-cygwin\jdk8u191\11896\hotspot\src\share\vm\prims\methodHandles.cpp, line 1167]
Event: 123.149 Thread 0x0000000002c04000 Exception <a 'java/io/FileNotFoundException'> (0x000000076c0ea4e8) thrown at [C:\re\workspace\8-2-build-windows-amd64-cygwin\jdk8u191\11896\hotspot\src\share\vm\prims\jni.cpp, line 709]

Events (10 events):
Event: 573.831 Thread 0x000000001e7c1800 flushing nmethod 0x0000000002e46ed0
Event: 573.833 Executing VM operation: ChangeBreakpoints
Event: 573.833 Executing VM operation: ChangeBreakpoints done
Event: 573.835 Executing VM operation: ChangeBreakpoints
Event: 573.836 Executing VM operation: ChangeBreakpoints done
Event: 573.838 Executing VM operation: ChangeBreakpoints
Event: 573.838 Executing VM operation: ChangeBreakpoints done
Event: 573.841 Executing VM operation: ChangeBreakpoints
Event: 573.841 Executing VM operation: ChangeBreakpoints done
Event: 573.845 Executing VM operation: ChangeBreakpoints


Dynamic libraries:
0x00007ff60c080000 - 0x00007ff60c0b7000 	C:\Program Files\Java\jre1.8.0_191\bin\javaw.exe
0x00007ffe6d610000 - 0x00007ffe6d7f1000 	C:\WINDOWS\SYSTEM32\ntdll.dll
0x00007ffe6b4d0000 - 0x00007ffe6b582000 	C:\WINDOWS\System32\KERNEL32.DLL
0x00007ffe6a820000 - 0x00007ffe6aa93000 	C:\WINDOWS\System32\KERNELBASE.dll
0x00007ffe6afa0000 - 0x00007ffe6b041000 	C:\WINDOWS\System32\ADVAPI32.dll
0x00007ffe6aab0000 - 0x00007ffe6ab4e000 	C:\WINDOWS\System32\msvcrt.dll
0x00007ffe6bdc0000 - 0x00007ffe6be1b000 	C:\WINDOWS\System32\sechost.dll
0x00007ffe6d450000 - 0x00007ffe6d574000 	C:\WINDOWS\System32\RPCRT4.dll
0x00007ffe6b7d0000 - 0x00007ffe6b960000 	C:\WINDOWS\System32\USER32.dll
0x00007ffe699e0000 - 0x00007ffe69a00000 	C:\WINDOWS\System32\win32u.dll
0x00007ffe6b680000 - 0x00007ffe6b6a8000 	C:\WINDOWS\System32\GDI32.dll
0x00007ffe6a580000 - 0x00007ffe6a712000 	C:\WINDOWS\System32\gdi32full.dll
0x00007ffe69a00000 - 0x00007ffe69a9f000 	C:\WINDOWS\System32\msvcp_win.dll
0x00007ffe69d70000 - 0x00007ffe69e68000 	C:\WINDOWS\System32\ucrtbase.dll
0x00007ffe579b0000 - 0x00007ffe57c19000 	C:\WINDOWS\WinSxS\amd64_microsoft.windows.common-controls_6595b64144ccf1df_6.0.17134.648_none_fb45a0e93062a6d2\COMCTL32.dll
0x00007ffe6ba30000 - 0x00007ffe6bd52000 	C:\WINDOWS\System32\combase.dll
0x00007ffe69b00000 - 0x00007ffe69b7a000 	C:\WINDOWS\System32\bcryptPrimitives.dll
0x00007ffe6be40000 - 0x00007ffe6be6d000 	C:\WINDOWS\System32\IMM32.DLL
0x000000006f280000 - 0x000000006f352000 	C:\Program Files\Java\jre1.8.0_191\bin\msvcr100.dll
0x000000006e1a0000 - 0x000000006ea44000 	C:\Program Files\Java\jre1.8.0_191\bin\server\jvm.dll
0x00007ffe6d430000 - 0x00007ffe6d438000 	C:\WINDOWS\System32\PSAPI.DLL
0x00007ffe5ed30000 - 0x00007ffe5ed53000 	C:\WINDOWS\SYSTEM32\WINMM.dll
0x00007ffe64110000 - 0x00007ffe64119000 	C:\WINDOWS\SYSTEM32\WSOCK32.dll
0x00007ffe5e1d0000 - 0x00007ffe5e1da000 	C:\WINDOWS\SYSTEM32\VERSION.dll
0x00007ffe6b6b0000 - 0x00007ffe6b71c000 	C:\WINDOWS\System32\WS2_32.dll
0x00007ffe5ed00000 - 0x00007ffe5ed2a000 	C:\WINDOWS\SYSTEM32\WINMMBASE.dll
0x00007ffe6a720000 - 0x00007ffe6a769000 	C:\WINDOWS\System32\cfgmgr32.dll
0x0000000070b40000 - 0x0000000070b4f000 	C:\Program Files\Java\jre1.8.0_191\bin\verify.dll
0x0000000070b10000 - 0x0000000070b39000 	C:\Program Files\Java\jre1.8.0_191\bin\java.dll
0x0000000070a20000 - 0x0000000070a55000 	C:\Program Files\Java\jre1.8.0_191\bin\jdwp.dll
0x0000000070a10000 - 0x0000000070a18000 	C:\Program Files\Java\jre1.8.0_191\bin\npt.dll
0x0000000070330000 - 0x0000000070353000 	C:\Program Files\Java\jre1.8.0_191\bin\instrument.dll
0x0000000070af0000 - 0x0000000070b06000 	C:\Program Files\Java\jre1.8.0_191\bin\zip.dll
0x00007ffe6be70000 - 0x00007ffe6d2b0000 	C:\WINDOWS\System32\SHELL32.dll
0x00007ffe6b720000 - 0x00007ffe6b7c9000 	C:\WINDOWS\System32\shcore.dll
0x00007ffe69e70000 - 0x00007ffe6a57d000 	C:\WINDOWS\System32\windows.storage.dll
0x00007ffe6bd60000 - 0x00007ffe6bdb1000 	C:\WINDOWS\System32\shlwapi.dll
0x00007ffe699c0000 - 0x00007ffe699d1000 	C:\WINDOWS\System32\kernel.appcore.dll
0x00007ffe699a0000 - 0x00007ffe699bf000 	C:\WINDOWS\System32\profapi.dll
0x00007ffe69930000 - 0x00007ffe6997c000 	C:\WINDOWS\System32\powrprof.dll
0x00007ffe69920000 - 0x00007ffe6992a000 	C:\WINDOWS\System32\FLTLIB.DLL
0x0000000070a00000 - 0x0000000070a09000 	C:\Program Files\Java\jre1.8.0_191\bin\dt_socket.dll
0x00007ffe61b10000 - 0x00007ffe61b26000 	C:\WINDOWS\system32\napinsp.dll
0x00007ffe61b60000 - 0x00007ffe61b7a000 	C:\WINDOWS\system32\pnrpnsp.dll
0x00007ffe63330000 - 0x00007ffe63349000 	C:\WINDOWS\system32\NLAapi.dll
0x00007ffe691a0000 - 0x00007ffe69206000 	C:\WINDOWS\System32\mswsock.dll
0x00007ffe68f50000 - 0x00007ffe6900e000 	C:\WINDOWS\SYSTEM32\DNSAPI.dll
0x00007ffe6aaa0000 - 0x00007ffe6aaa8000 	C:\WINDOWS\System32\NSI.dll
0x00007ffe68f10000 - 0x00007ffe68f48000 	C:\WINDOWS\SYSTEM32\IPHLPAPI.DLL
0x00007ffe61be0000 - 0x00007ffe61bee000 	C:\WINDOWS\System32\winrnr.dll
0x00007ffe649c0000 - 0x00007ffe649d5000 	C:\WINDOWS\System32\wshbth.dll
0x00007ffe5ff10000 - 0x00007ffe5ff82000 	C:\WINDOWS\System32\fwpuclnt.dll
0x00007ffe69480000 - 0x00007ffe694a5000 	C:\WINDOWS\SYSTEM32\bcrypt.dll
0x00007ffe60de0000 - 0x00007ffe60dea000 	C:\Windows\System32\rasadhlp.dll
0x0000000070ad0000 - 0x0000000070aea000 	C:\Program Files\Java\jre1.8.0_191\bin\net.dll
0x0000000070ab0000 - 0x0000000070ac1000 	C:\Program Files\Java\jre1.8.0_191\bin\nio.dll
0x00007ffe68260000 - 0x00007ffe68429000 	C:\WINDOWS\SYSTEM32\dbghelp.dll

VM Arguments:
jvm_args: -agentlib:jdwp=transport=dt_socket,suspend=y,address=localhost:60227 -javaagent:C:\Users\silvi\eclipse\java-photon\eclipse\configuration\org.eclipse.osgi\237\0\.cp\lib\javaagent-shaded.jar -Dfile.encoding=Cp1252 
java_command: Main
java_class_path (initial): C:\Program Files\Java\jre1.8.0_191\lib\resources.jar;C:\Program Files\Java\jre1.8.0_191\lib\rt.jar;C:\Program Files\Java\jre1.8.0_191\lib\jsse.jar;C:\Program Files\Java\jre1.8.0_191\lib\jce.jar;C:\Program Files\Java\jre1.8.0_191\lib\charsets.jar;C:\Program Files\Java\jre1.8.0_191\lib\jfr.jar;C:\Program Files\Java\jre1.8.0_191\lib\ext\access-bridge-64.jar;C:\Program Files\Java\jre1.8.0_191\lib\ext\cldrdata.jar;C:\Program Files\Java\jre1.8.0_191\lib\ext\dnsns.jar;C:\Program Files\Java\jre1.8.0_191\lib\ext\jaccess.jar;C:\Program Files\Java\jre1.8.0_191\lib\ext\jfxrt.jar;C:\Program Files\Java\jre1.8.0_191\lib\ext\localedata.jar;C:\Program Files\Java\jre1.8.0_191\lib\ext\nashorn.jar;C:\Program Files\Java\jre1.8.0_191\lib\ext\sunec.jar;C:\Program Files\Java\jre1.8.0_191\lib\ext\sunjce_provider.jar;C:\Program Files\Java\jre1.8.0_191\lib\ext\sunmscapi.jar;C:\Program Files\Java\jre1.8.0_191\lib\ext\sunpkcs11.jar;C:\Program Files\Java\jre1.8.0_191\lib\ext\zipfs.jar;C:\Users\silvi\OneDrive\Documents\GitHub\UNIVERSIDAD\EstructuraDeDatosHojas\DatosHT7\bin;C:\Users\silvi\.p2\pool\plugins\org.junit.jupiter.api_5.1.0.v20180327-1502.jar;C:\Users\silvi\.p2\pool\plugins\org.junit.jupiter.engine_5.1.0.v20180327-1502.jar;C:\Users\silvi\.p2\pool\plugins\org.junit.jupiter.migrationsupport_5.1.0.v20180327-1502.jar;C:\Users\silvi\.p2\pool\plugins\org.junit.jupiter.params_5.1.0.v20180327-1502.jar;C:\Users\silvi\.p2\pool\plugins\org.junit.platform.commons_1.1.0.v20180327-1502.jar;C:\Users\silvi\.p2\pool\plugins\org.junit.platform.engine_1.1.0.v20180327-1502.jar;C:\Users\silvi\.p2\pool\plugins\org.junit.platform.launcher_1.1.0.v20180327-1502.jar;C:\Users\silvi\.p2\pool\plugins\org.junit.platform.runner_1.1.0.v20180327-1502.jar;C:\Users\silvi\.p2\pool\plugins\org.junit.platform.suite.api_1.1.0.v20180327-1502.jar;C:\Users\silvi\.p2\pool\plugins\org.junit.vintage.engine_5.1.0.v20180327-1502.jar;C:\Users\silvi\.p2\pool\plugins\org.opentest4j_1.0.0.v20180327-1502.jar;C:
Launcher Type: SUN_STANDARD

Environment Variables:
PATH=C:/Program Files/Java/jre1.8.0_191/bin/server;C:/Program Files/Java/jre1.8.0_191/bin;C:/Program Files/Java/jre1.8.0_191/lib/amd64;C:\Program Files (x86)\Common Files\Oracle\Java\javapath;C:\WINDOWS\system32;C:\WINDOWS;C:\WINDOWS\System32\Wbem;C:\WINDOWS\System32\WindowsPowerShell\v1.0\;C:\WINDOWS\System32\OpenSSH\;C:\Program Files\dotnet\;C:\Program Files\Microsoft SQL Server\130\Tools\Binn\;C:\Program Files\Java\jdk-11.0.\bin;C:\Program Files\Microsoft SQL Server\Client SDK\ODBC\130\Tools\Binn\;C:\Program Files (x86)\Microsoft SQL Server\140\Tools\Binn\;C:\Program Files\Microsoft SQL Server\140\Tools\Binn\;C:\Program Files\Microsoft SQL Server\140\DTS\Binn\;C:\Program Files (x86)\Microsoft SQL Server\Client SDK\ODBC\130\Tools\Binn\;C:\Program Files (x86)\Microsoft SQL Server\140\DTS\Binn\;C:\Program Files (x86)\Microsoft SQL Server\140\Tools\Binn\ManagementStudio\;C:\Program Files\Git\cmd;C:\Users\silvi\AppData\Local\Microsoft\WindowsApps;C:\Users\silvi\AppData\Local\GitHubDesktop\bin;C:\Program Files\jdk-11.0.1\bin;C:\ProgramData\Microsoft\Windows\Start Menu\Programs\Python 2.7;C:\Python27;C:\Python27\Scripts;;C:\WINDOWS\system32;
USERNAME=silvi
OS=Windows_NT
PROCESSOR_IDENTIFIER=Intel64 Family 6 Model 142 Stepping 10, GenuineIntel



---------------  S Y S T E M  ---------------

OS: Windows 10.0 , 64 bit Build 17134 (10.0.17134.648)

CPU:total 8 (initial active 8) (4 cores per cpu, 2 threads per core) family 6 model 142 stepping 10, cmov, cx8, fxsr, mmx, sse, sse2, sse3, ssse3, sse4.1, sse4.2, popcnt, avx, avx2, aes, clmul, erms, 3dnowpref, lzcnt, ht, tsc, tscinvbit, bmi1, bmi2, adx

Memory: 4k page, physical 16640396k(10207532k free), swap 19130764k(7911880k free)

vm_info: Java HotSpot(TM) 64-Bit Server VM (25.191-b12) for windows-amd64 JRE (1.8.0_191-b12), built on Oct  6 2018 09:29:03 by "java_re" with MS VC++ 10.0 (VS2010)

time: Thu Mar 21 18:46:33 2019
elapsed time: 573 seconds (0d 0h 9m 33s)

